<?xml version="1.0" encoding="UTF-8"?>
<testsuite name="CountCharOccurrencesTest" tests="1" skipped="0" failures="0" errors="0" timestamp="2017-03-24T14:39:21" hostname="jitender-saini" time="0.002">
  <properties/>
  <testcase name="count" classname="CountCharOccurrencesTest" time="0.002"/>
  <system-out><![CDATA[]]></system-out>
  <system-err><![CDATA[]]></system-err>
</testsuite>
