<?xml version="1.0" encoding="UTF-8"?>
<testsuite name="com.ttn.mocking.PersonSpec" tests="1" skipped="0" failures="0" errors="0" timestamp="2017-04-22T10:26:14" hostname="jitender-saini" time="0.002">
  <properties/>
  <testcase name="First test" classname="com.ttn.mocking.PersonSpec" time="0.002"/>
  <system-out><![CDATA[]]></system-out>
  <system-err><![CDATA[]]></system-err>
</testsuite>
