<?xml version="1.0" encoding="UTF-8"?>
<testsuite name="com.ttn.mocking.PasswordEncrypterServiceSpec" tests="1" skipped="0" failures="0" errors="0" timestamp="2017-04-22T10:26:14" hostname="jitender-saini" time="0.032">
  <properties/>
  <testcase name="Encrypted password is returned by the public method" classname="com.ttn.mocking.PasswordEncrypterServiceSpec" time="0.032"/>
  <system-out><![CDATA[]]></system-out>
  <system-err><![CDATA[]]></system-err>
</testsuite>
