<?xml version="1.0" encoding="UTF-8"?>
<testsuite name="com.ttn.mocking.TransactionSpec" tests="2" skipped="0" failures="0" errors="0" timestamp="2017-04-22T10:26:13" hostname="jitender-saini" time="0.199">
  <properties/>
  <testcase name="We are able to cancel a sale" classname="com.ttn.mocking.TransactionSpec" time="0.188"/>
  <testcase name="Customer discount is calculated for a product" classname="com.ttn.mocking.TransactionSpec" time="0.011"/>
  <system-out><![CDATA[]]></system-out>
  <system-err><![CDATA[]]></system-err>
</testsuite>
