<?xml version="1.0" encoding="UTF-8"?>
<testsuite name="PrintDuplicateWordsTest" tests="1" skipped="0" failures="0" errors="0" timestamp="2017-03-24T14:39:21" hostname="jitender-saini" time="0.009">
  <properties/>
  <testcase name="Testing findDuplicate(): 1" classname="PrintDuplicateWordsTest" time="0.009"/>
  <system-out><![CDATA[[a:2, k:3]
[a:2, k:3]
]]></system-out>
  <system-err><![CDATA[]]></system-err>
</testsuite>
